[2026-03-02 22:28:26.814] [puff::index::jointLog] [info] Running fixFasta
[2026-03-02 22:28:26.915] [puff::index::jointLog] [warning] Removed 41 transcripts that were sequence duplicates of indexed transcripts.
[2026-03-02 22:28:26.915] [puff::index::jointLog] [warning] If you wish to retain duplicate transcripts, please use the `--keepDuplicates` flag
[2026-03-02 22:28:26.915] [puff::index::jointLog] [info] Replaced 0 non-ATCG nucleotides
[2026-03-02 22:28:26.915] [puff::index::jointLog] [info] Clipped poly-A tails from 0 transcripts
[2026-03-02 22:28:26.928] [puff::index::jointLog] [info] Filter size not provided; estimating from number of distinct k-mers
[2026-03-02 22:28:27.001] [puff::index::jointLog] [info] ntHll estimated 8216349 distinct k-mers, setting filter size to 2^28
[2026-03-02 22:28:27.907] [puff::index::jointLog] [info] Starting the Pufferfish indexing by reading the GFA binary file.
[2026-03-02 22:28:27.907] [puff::index::jointLog] [info] Setting the index/BinaryGfa directory /Users/go140/bioinformatics-projects/01-yeast-rnaseq/data/reference/salmon_index
[2026-03-02 22:28:27.913] [puff::index::jointLog] [info] Done wrapping the rank vector with a rank9sel structure.
[2026-03-02 22:28:27.913] [puff::index::jointLog] [info] contig count for validation: 11,411
[2026-03-02 22:28:27.914] [puff::index::jointLog] [info] Total # of Contigs : 11,411
[2026-03-02 22:28:27.914] [puff::index::jointLog] [info] Total # of numerical Contigs : 11,411
[2026-03-02 22:28:27.914] [puff::index::jointLog] [info] Total # of contig vec entries: 19,577
[2026-03-02 22:28:27.914] [puff::index::jointLog] [info] bits per offset entry 15
[2026-03-02 22:28:27.914] [puff::index::jointLog] [info] Done constructing the contig vector. 11412
[2026-03-02 22:28:27.915] [puff::index::jointLog] [info] # segments = 11,411
[2026-03-02 22:28:27.915] [puff::index::jointLog] [info] total length = 8,586,021
[2026-03-02 22:28:27.915] [puff::index::jointLog] [info] Reading the reference files ...
[2026-03-02 22:28:27.936] [puff::index::jointLog] [info] positional integer width = 24
[2026-03-02 22:28:27.936] [puff::index::jointLog] [info] seqSize = 8,586,021
[2026-03-02 22:28:27.936] [puff::index::jointLog] [info] rankSize = 8,586,021
[2026-03-02 22:28:27.937] [puff::index::jointLog] [info] edgeVecSize = 0
[2026-03-02 22:28:27.937] [puff::index::jointLog] [info] num keys = 8,243,691
[2026-03-02 22:28:28.070] [puff::index::jointLog] [info] mphf size = 5.14986 MB
[2026-03-02 22:28:28.071] [puff::index::jointLog] [info] chunk size = 2,146,506
[2026-03-02 22:28:28.071] [puff::index::jointLog] [info] chunk 0 = [0, 2,146,506)
[2026-03-02 22:28:28.071] [puff::index::jointLog] [info] chunk 1 = [2,146,506, 4,293,012)
[2026-03-02 22:28:28.071] [puff::index::jointLog] [info] chunk 2 = [4,293,012, 6,439,518)
[2026-03-02 22:28:28.071] [puff::index::jointLog] [info] chunk 3 = [6,439,518, 8,585,991)
[2026-03-02 22:28:28.159] [puff::index::jointLog] [info] finished populating pos vector
[2026-03-02 22:28:28.159] [puff::index::jointLog] [info] writing index components
[2026-03-02 22:28:28.186] [puff::index::jointLog] [info] finished writing dense pufferfish index
